<?xml version="1.0" encoding="UTF-8"?>
<!-- Generated by org.testng.reporters.JUnitXMLReporter -->
<testsuite ignored="0" hostname="DESKTOP-P522IGM" failures="0" tests="3" name="Test Case-1" time="114.161" errors="0" timestamp="2021-11-20T18:43:01 IST">
  <testcase classname="TestCases.Test1" name="search" time="39.407"/>
  <testcase classname="TestCases.Test2" name="eventsLink" time="37.106"/>
  <testcase classname="TestCases.Test3" name="citySearch" time="37.597"/>
</testsuite> <!-- Test Case-1 -->
