<?xml version="1.0" encoding="UTF-8"?>
<testng-results ignored="0" total="1" passed="1" failed="0" skipped="0">
  <reporter-output>
  </reporter-output>
  <suite started-at="2021-11-20T16:41:04 IST" name="Default suite" finished-at="2021-11-20T16:41:18 IST" duration-ms="13757">
    <groups>
    </groups>
    <test started-at="2021-11-20T16:41:04 IST" name="Default test" finished-at="2021-11-20T16:41:18 IST" duration-ms="13757">
      <class name="TestCases.Test3">
        <test-method signature="citySearch()[pri:0, instance:TestCases.Test3@3a6bb9bf]" started-at="2021-11-20T16:41:04 IST" name="citySearch" finished-at="2021-11-20T16:41:18 IST" duration-ms="13704" status="PASS">
          <reporter-output>
          </reporter-output>
        </test-method> <!-- citySearch -->
      </class> <!-- TestCases.Test3 -->
    </test> <!-- Default test -->
  </suite> <!-- Default suite -->
</testng-results>
